
output poly
1 31 961 29791 923521 28629151 887503681 512613922 891031477 
output hash
0 10 200312 6209673 192699865 973695790 184769282 1432880447 
cr = 200002
cr = 6200063
=========
found position 2
=========
start = 1, fin = 2
a = 12, b = 10
cr = 1
=========
found position 2
=========
start = 2, fin = 2
a = 11, b = 11
cr = 200002
cr = 6200072
=========
found position 3
=========
start = 2, fin = 3
a = 11, b = 11
cr = 10
cr = 200312
cr = 711242412
=========
found position 4
=========
start = 3, fin = -1
a = 1, b = 1
cr = 200002
cr = 711232802
=========
found position 4
=========
start = 3, fin = -1
a = 1, b = 1
2
